<?xml version="1.0" encoding="UTF-8"?>
<testsuite name="banque.AgenceBancaireTest" tests="2" skipped="0" failures="0" errors="0" timestamp="2020-12-10T20:05:32" hostname="DESKTOP-7196ULR" time="0.002">
  <properties/>
  <testcase name="testRemoveCompte" classname="banque.AgenceBancaireTest" time="0.002"/>
  <testcase name="testAddCompte" classname="banque.AgenceBancaireTest" time="0.0"/>
  <system-out><![CDATA[]]></system-out>
  <system-err><![CDATA[]]></system-err>
</testsuite>
