<?xml version="1.0" encoding="UTF-8"?>
<testsuite name="banque.CompteTest" tests="2" skipped="0" failures="0" errors="0" timestamp="2020-12-10T20:05:32" hostname="DESKTOP-7196ULR" time="0.0">
  <properties/>
  <testcase name="testDepot" classname="banque.CompteTest" time="0.0"/>
  <testcase name="testRetirer" classname="banque.CompteTest" time="0.0"/>
  <system-out><![CDATA[]]></system-out>
  <system-err><![CDATA[]]></system-err>
</testsuite>
